<?xml version="1.0" encoding="UTF-8"?>
<!-- Generated by org.testng.reporters.JUnitReportReporter -->
<testsuite hostname="Windows-PC" failures="0" tests="1" name="pkgpjct.Sauce" time="7.221" errors="0" timestamp="2023-06-14T12:30:50 GMT+05:30" skipped="0">
  <testcase classname="pkgpjct.Sauce" name="test" time="7.221"/>
  <system-out/>
</testsuite> <!-- pkgpjct.Sauce -->
